2025-10-31 14:08:18 [INFO] logging_setup:65 - Logging initialized -> logs\app_20251031_140818.log
2025-10-31 14:26:34 [INFO] ph_diagram_generator:304 - [PH AVG] Using averaged builder
2025-10-31 14:26:34 [INFO] ph_data_builder:150 - [PH AVG] LH.T3b from ['T_3b'] -> (x=668.870 kJ/kg, y=1020.293 kPa)
2025-10-31 14:26:34 [INFO] ph_data_builder:152 - [PH AVG] LH.T4b from ['T_4b-lh'] -> (x=268.080 kJ/kg, y=1020.293 kPa)
2025-10-31 14:26:34 [INFO] ph_data_builder:154 - [PH AVG] LH.T1b (x=T4b, y@Psuc) from ['T_4b-lh'] -> (x=268.080 kJ/kg, y=329.026 kPa)
2025-10-31 14:26:34 [INFO] ph_data_builder:156 - [PH AVG] LH.T2b from ['T_2b'] -> (x=595.240 kJ/kg, y=329.026 kPa)
2025-10-31 14:26:34 [INFO] ph_data_builder:150 - [PH AVG] CTR.T3b from ['T_3b'] -> (x=668.870 kJ/kg, y=1020.293 kPa)
2025-10-31 14:26:34 [INFO] ph_data_builder:152 - [PH AVG] CTR.T4b from ['T_4b-ctr'] -> (x=264.098 kJ/kg, y=1020.293 kPa)
2025-10-31 14:26:34 [INFO] ph_data_builder:154 - [PH AVG] CTR.T1b (x=T4b, y@Psuc) from ['T_4b-ctr'] -> (x=264.098 kJ/kg, y=329.026 kPa)
2025-10-31 14:26:34 [INFO] ph_data_builder:156 - [PH AVG] CTR.T2b from ['T_2b'] -> (x=595.240 kJ/kg, y=329.026 kPa)
2025-10-31 14:26:34 [INFO] ph_data_builder:150 - [PH AVG] RH.T3b from ['T_3b'] -> (x=668.870 kJ/kg, y=1020.293 kPa)
2025-10-31 14:26:34 [INFO] ph_data_builder:152 - [PH AVG] RH.T4b from ['T_4b-rh'] -> (x=262.037 kJ/kg, y=1020.293 kPa)
2025-10-31 14:26:34 [INFO] ph_data_builder:154 - [PH AVG] RH.T1b (x=T4b, y@Psuc) from ['T_4b-rh'] -> (x=262.037 kJ/kg, y=329.026 kPa)
2025-10-31 14:26:34 [INFO] ph_data_builder:156 - [PH AVG] RH.T2b from ['T_2b'] -> (x=595.240 kJ/kg, y=329.026 kPa)
2025-10-31 14:26:34 [INFO] ph_data_builder:163 - [PH AVG] Points built: common=12 total, LH=4, CTR=4, RH=4
2025-10-31 14:26:34 [INFO] ph_diagram_generator:324 - [PH AVG] Path.LH.T3b -> (x=668.870 kJ/kg, y=1020.293 kPa)
2025-10-31 14:26:34 [INFO] ph_diagram_generator:324 - [PH AVG] Path.LH.T4b -> (x=268.080 kJ/kg, y=1020.293 kPa)
2025-10-31 14:26:34 [INFO] ph_diagram_generator:324 - [PH AVG] Path.LH.T1b -> (x=268.080 kJ/kg, y=329.026 kPa)
2025-10-31 14:26:34 [INFO] ph_diagram_generator:324 - [PH AVG] Path.LH.T2b -> (x=595.240 kJ/kg, y=329.026 kPa)
2025-10-31 14:26:34 [INFO] ph_diagram_generator:324 - [PH AVG] Path.CTR.T3b -> (x=668.870 kJ/kg, y=1020.293 kPa)
2025-10-31 14:26:34 [INFO] ph_diagram_generator:324 - [PH AVG] Path.CTR.T4b -> (x=264.098 kJ/kg, y=1020.293 kPa)
2025-10-31 14:26:34 [INFO] ph_diagram_generator:324 - [PH AVG] Path.CTR.T1b -> (x=264.098 kJ/kg, y=329.026 kPa)
2025-10-31 14:26:34 [INFO] ph_diagram_generator:324 - [PH AVG] Path.CTR.T2b -> (x=595.240 kJ/kg, y=329.026 kPa)
2025-10-31 14:26:34 [INFO] ph_diagram_generator:324 - [PH AVG] Path.RH.T3b -> (x=668.870 kJ/kg, y=1020.293 kPa)
2025-10-31 14:26:34 [INFO] ph_diagram_generator:324 - [PH AVG] Path.RH.T4b -> (x=262.037 kJ/kg, y=1020.293 kPa)
2025-10-31 14:26:34 [INFO] ph_diagram_generator:324 - [PH AVG] Path.RH.T1b -> (x=262.037 kJ/kg, y=329.026 kPa)
2025-10-31 14:26:34 [INFO] ph_diagram_generator:324 - [PH AVG] Path.RH.T2b -> (x=595.240 kJ/kg, y=329.026 kPa)
2025-10-31 14:26:34 [INFO] ph_diagram_generator:337 - [PH AVG] Compression 2b->3b -> [(x=595.240, y=329.026), (x=668.870, y=1020.293)]
2025-10-31 14:26:34 [INFO] ph_diagram_generator:343 - [PH AVG] Paths updated: LH=4 pts, CTR=4, RH=4, compression=2
2025-10-31 14:26:34 [INFO] ph_diagram_interactive_widget:239 - [PH AVG] Path.LH plotted -> [(668.87, 1020.293), (268.08, 1020.293), (268.08, 329.026), (595.24, 329.026)]
2025-10-31 14:26:34 [INFO] ph_diagram_interactive_widget:239 - [PH AVG] Path.CTR plotted -> [(668.87, 1020.293), (264.098, 1020.293), (264.098, 329.026), (595.24, 329.026)]
2025-10-31 14:26:34 [INFO] ph_diagram_interactive_widget:239 - [PH AVG] Path.RH plotted -> [(668.87, 1020.293), (262.037, 1020.293), (262.037, 329.026), (595.24, 329.026)]
2025-10-31 14:26:34 [INFO] ph_diagram_interactive_widget:247 - [PH AVG] Path.Compression plotted -> [(x=595.240, y=329.026), (x=668.870, y=1020.293)]
2025-10-31 16:24:14 [INFO] ph_diagram_interactive_widget:239 - [PH AVG] Path.LH plotted -> [(668.87, 1020.293), (268.08, 1020.293), (268.08, 329.026), (595.24, 329.026)]
2025-10-31 16:24:14 [INFO] ph_diagram_interactive_widget:239 - [PH AVG] Path.CTR plotted -> [(668.87, 1020.293), (264.098, 1020.293), (264.098, 329.026), (595.24, 329.026)]
2025-10-31 16:24:14 [INFO] ph_diagram_interactive_widget:239 - [PH AVG] Path.RH plotted -> [(668.87, 1020.293), (262.037, 1020.293), (262.037, 329.026), (595.24, 329.026)]
2025-10-31 16:24:14 [INFO] ph_diagram_interactive_widget:247 - [PH AVG] Path.Compression plotted -> [(x=595.240, y=329.026), (x=668.870, y=1020.293)]
2025-10-31 16:38:47 [INFO] ph_diagram_interactive_widget:239 - [PH AVG] Path.LH plotted -> [(668.87, 1020.293), (268.08, 1020.293), (268.08, 329.026), (595.24, 329.026)]
2025-10-31 16:38:47 [INFO] ph_diagram_interactive_widget:239 - [PH AVG] Path.CTR plotted -> [(668.87, 1020.293), (264.098, 1020.293), (264.098, 329.026), (595.24, 329.026)]
2025-10-31 16:38:47 [INFO] ph_diagram_interactive_widget:239 - [PH AVG] Path.RH plotted -> [(668.87, 1020.293), (262.037, 1020.293), (262.037, 329.026), (595.24, 329.026)]
2025-10-31 16:38:47 [INFO] ph_diagram_interactive_widget:247 - [PH AVG] Path.Compression plotted -> [(x=595.240, y=329.026), (x=668.870, y=1020.293)]
2025-10-31 17:44:51 [INFO] ph_diagram_interactive_widget:239 - [PH AVG] Path.LH plotted -> [(668.87, 1020.293), (268.08, 1020.293), (268.08, 329.026), (595.24, 329.026)]
2025-10-31 17:44:51 [INFO] ph_diagram_interactive_widget:239 - [PH AVG] Path.CTR plotted -> [(668.87, 1020.293), (264.098, 1020.293), (264.098, 329.026), (595.24, 329.026)]
2025-10-31 17:44:51 [INFO] ph_diagram_interactive_widget:247 - [PH AVG] Path.Compression plotted -> [(x=595.240, y=329.026), (x=668.870, y=1020.293)]
2025-10-31 17:44:52 [INFO] ph_diagram_interactive_widget:239 - [PH AVG] Path.LH plotted -> [(668.87, 1020.293), (268.08, 1020.293), (268.08, 329.026), (595.24, 329.026)]
2025-10-31 17:44:52 [INFO] ph_diagram_interactive_widget:247 - [PH AVG] Path.Compression plotted -> [(x=595.240, y=329.026), (x=668.870, y=1020.293)]
